  BentleyBuild, version 3.1 Rev: 1dca3ce  2024-08-22  [master]
  Python version 3.11.4
  [Rebuild] Tue Sep 03 2024 10:22:30
  Using BuildStrategy: imodel-native-internal:build/strategies/iModelJsNodeAddon.Dev
  Full BuildStrategy: iModelJsNodeAddon.Dev (resolved: imodel-native-internal:build/strategies/iModelJsNodeAddon.Dev)
  Starting at Part: iModelJsNodeAddon:iModelJsNodeAddon.Dev
  
  Processing Default Tool parts
  Processing Tool parts
  Processing Tool parts
  Visiting all parts in 12 threads
  
  Running parts (1 remain): ['BeLibJpegTurbo:nasm']                              
  Waiting for part(s) to finish: ['BeLibJpegTurbo:nasm', 'iModelCoreTesting:Op...
  
  Built 2 of 2 items
  Tool parts finished
  
  Visiting all parts in 12 threads
  
  Running parts (1 remain): ['ECPresentation:ECPresentation-PublicAPI']          
  Waiting for part(s) ['ECPresentation:ECPresentation-PublicAPI'] for 1 second...
  Output from part ECPresentation:ECPresentation-PublicAPI
  ______________________________________________________________________________________________________________
  Building ECPresentation:ECPresentation-PublicAPI (x64) 
  
  C:\iTwin\my-cospace\repos\imodel-native\src\toolcache\bmake_x64.10.1.0-57\BentleyBuildMake.exe C:\iTwin\my-cospace\repos\imodel-native\src\imodel-native\iModelCore\ECPresentation\Prewire.mke
  BentleyBuildMake Utility. Version 10.01.00.57, Jan 29 2024
  Tue Sep  3 10:22:30 2024
  
  
  
  
  fp options -fp:precise
  
  ***Already Symlinked directory [C:\iTwin\my-cospace\repos\imodel-native\out\Winx64\BuildContexts\ECPresentation\PublicAPI\ECPresentation ==> C:\iTwin\my-cospace\repos\imodel-native\src\imodel-native\iModelCore\ECPresentation\PublicAPI\ECPresentation]
  Tue Sep  3 10:22:32 2024, elapsed time: 0:02
  
  Waiting for part(s) to finish: ['ECPresentation:ECPresentation-Library']  fo...
  Waiting for part(s) to finish: ['ECPresentation:ECPresentation-Library']  fo...
  Waiting for part(s) to finish: ['ECPresentation:ECPresentation-Library']  fo...
  Waiting for part(s) to finish: ['ECPresentation:ECPresentation-Library']  fo...
  Output from part ECPresentation:ECPresentation-Library
  ______________________________________________________________________________________________________________
  Building ECPresentation:ECPresentation-Library (x64) 
  
  C:\iTwin\my-cospace\repos\imodel-native\src\toolcache\bmake_x64.10.1.0-57\BentleyBuildMake.exe C:\iTwin\my-cospace\repos\imodel-native\src\imodel-native\iModelCore\ECPresentation\ECPresentation.mke
  BentleyBuildMake Utility. Version 10.01.00.57, Jan 29 2024
  Tue Sep  3 10:22:32 2024
  
  
  
  
  fp options -fp:precise
  
  BentleyBuildMake  -dArgumentsMki=C:\iTwin\my-cospace\repos\imodel-native\out\Winx64\build\ECPresentation\ECPresentation-Library\Pch\PchArgsECPresentationPch.mki C:\iTwin\my-cospace\repos\imodel-native\src\bsicommon\sharedmki\PreCompileHeader.mke
  BentleyBuildMake Utility. Version 10.01.00.57, Jan 29 2024
  Tue Sep  3 10:22:33 2024
  
  
  
  
  fp options -fp:precise
  Tue Sep  3 10:22:35 2024, elapsed time: 0:03
  
  Built 2 of 2 items
  
  
  ========================================
    Rebuild Succeeded
  ========================================
  
  
  [Rebuild] Tue Sep 03 2024 10:22:35, elapsed time: 00:00:05
